<?xml version="1.0" encoding="UTF-8"?>
<testsuite failures="0" errors="0" skipped="0" tests="4" time="13.478409" name="Generating an execution plan from a policy file">
<testcase classname="Generating an execution plan from a policy file" name="YAML policy produces a plan" time="1.883608">
  <system-out>
    <![CDATA[]]>
  </system-out>
  <system-err>
    <![CDATA[]]>
  </system-err>
</testcase>
<testcase classname="Generating an execution plan from a policy file" name="YAML policy produces a plan" time="1.874242">
  <system-out>
    <![CDATA[]]>
  </system-out>
  <system-err>
    <![CDATA[]]>
  </system-err>
</testcase>
<testcase classname="Generating an execution plan from a policy file" name="--as-group option sets the owner of top-level records" time="4.599781">
  <system-out>
    <![CDATA[]]>
  </system-out>
  <system-err>
    <![CDATA[]]>
  </system-err>
</testcase>
<testcase classname="Generating an execution plan from a policy file" name="--as-group option sets the owner of the policy" time="5.120778">
  <system-out>
    <![CDATA[]]>
  </system-out>
  <system-err>
    <![CDATA[]]>
  </system-err>
</testcase>
</testsuite>
